#
# There is insufficient memory for the Java Runtime Environment to continue.
# Native memory allocation (malloc) failed to allocate 32744 bytes for ChunkPool::allocate
# Possible reasons:
#   The system is out of physical RAM or swap space
#   The process is running with CompressedOops enabled, and the Java Heap may be blocking the growth of the native heap
# Possible solutions:
#   Reduce memory load on the system
#   Increase physical memory or swap space
#   Check if swap backing store is full
#   Decrease Java heap size (-Xmx/-Xms)
#   Decrease number of Java threads
#   Decrease Java thread stack sizes (-Xss)
#   Set larger code cache with -XX:ReservedCodeCacheSize=
#   JVM is running with Unscaled Compressed Oops mode in which the Java heap is
#     placed in the first 4GB address space. The Java Heap base address is the
#     maximum limit for the native heap growth. Please use -XX:HeapBaseMinAddress
#     to set the Java Heap base and to place the Java Heap above 4GB virtual address.
# This output file may be truncated or incomplete.
#
#  Out of Memory Error (allocation.cpp:272), pid=19904, tid=0x0000000000005b90
#
# JRE version: OpenJDK Runtime Environment (8.0_242-b01) (build 1.8.0_242-release-1644-b01)
# Java VM: OpenJDK 64-Bit Server VM (25.242-b01 mixed mode windows-amd64 compressed oops)
# Failed to write core dump. Minidumps are not enabled by default on client versions of Windows
#

---------------  T H R E A D  ---------------

Current thread (0x00000000164e6800):  JavaThread "C2 CompilerThread1" daemon [_thread_in_native, id=23440, stack(0x0000000017c20000,0x0000000017d20000)]

Stack: [0x0000000017c20000,0x0000000017d20000]
[error occurred during error reporting (printing stack bounds), id 0xc0000005]

Native frames: (J=compiled Java code, j=interpreted, Vv=VM code, C=native code)


Current CompileTask:
C2:  21236 4764       4       org.jetbrains.kotlin.serialization.deserialization.descriptors.DeserializedPackageMemberScope::getContributedClassifier (25 bytes)


---------------  P R O C E S S  ---------------

Java Threads: ( => current thread )
  0x0000000017e4a800 JavaThread "Service Thread" daemon [_thread_blocked, id=7672, stack(0x0000000018220000,0x0000000018320000)]
  0x00000000164e9800 JavaThread "C1 CompilerThread2" daemon [_thread_blocked, id=16624, stack(0x0000000017d20000,0x0000000017e20000)]
=>0x00000000164e6800 JavaThread "C2 CompilerThread1" daemon [_thread_in_native, id=23440, stack(0x0000000017c20000,0x0000000017d20000)]
  0x00000000164e2800 JavaThread "C2 CompilerThread0" daemon [_thread_in_native, id=1952, stack(0x0000000017b20000,0x0000000017c20000)]
  0x00000000164df000 JavaThread "Attach Listener" daemon [_thread_blocked, id=1084, stack(0x0000000017a20000,0x0000000017b20000)]
  0x00000000164dc000 JavaThread "Signal Dispatcher" daemon [_thread_blocked, id=22444, stack(0x0000000017920000,0x0000000017a20000)]
  0x0000000002c1e800 JavaThread "Finalizer" daemon [_thread_blocked, id=13188, stack(0x0000000017720000,0x0000000017820000)]
  0x00000000164b9000 JavaThread "Reference Handler" daemon [_thread_blocked, id=10592, stack(0x0000000017620000,0x0000000017720000)]
  0x0000000002b29000 JavaThread "main" [_thread_in_vm, id=23924, stack(0x0000000002990000,0x0000000002a90000)]

Other Threads:
  0x0000000016496000 VMThread [stack: 0x0000000017520000,0x0000000017620000] [id=18416]
  0x0000000017e4b800 WatcherThread [stack: 0x0000000018320000,0x0000000018420000] [id=23584]

VM state:not at safepoint (normal execution)

VM Mutex/Monitor currently owned by a thread: None

heap address: 0x00000000a1600000, size: 1514 MB, Compressed Oops mode: 32-bit
Narrow klass base: 0x0000000000000000, Narrow klass shift: 3
Compressed class space size: 1073741824 Address: 0x0000000100000000

Heap:
 PSYoungGen      total 66560K, used 42749K [0x00000000e0780000, 0x00000000e6200000, 0x0000000100000000)
  eden space 51200K, 66% used [0x00000000e0780000,0x00000000e28d8af0,0x00000000e3980000)
  from space 15360K, 56% used [0x00000000e3980000,0x00000000e41e6c50,0x00000000e4880000)
  to   space 14848K, 0% used [0x00000000e5380000,0x00000000e5380000,0x00000000e6200000)
 ParOldGen       total 81920K, used 16145K [0x00000000a1600000, 0x00000000a6600000, 0x00000000e0780000)
  object space 81920K, 19% used [0x00000000a1600000,0x00000000a25c47a8,0x00000000a6600000)
 Metaspace       used 41951K, capacity 42676K, committed 43048K, reserved 1087488K
  class space    used 5144K, capacity 5317K, committed 5424K, reserved 1048576K

Card table byte_map: [0x0000000011fe0000,0x00000000122e0000] byte_map_base: 0x0000000011ad5000

Marking Bits: (ParMarkBitMap*) 0x000000006004f030
 Begin Bits: [0x00000000128e0000, 0x0000000014088000)
 End Bits:   [0x0000000014088000, 0x0000000015830000)

Polling page: 0x0000000002970000

CodeCache: size=245760Kb used=14814Kb max_used=14814Kb free=230945Kb
 bounds [0x0000000002c20000, 0x0000000003ab0000, 0x0000000011c20000]
 total_blobs=5015 nmethods=4555 adapters=373
 compilation: enabled

Compilation events (10 events):
Event: 21.160 Thread 0x00000000164e9800 4762       3       org.jetbrains.kotlin.load.java.lazy.types.JavaTypeResolver::computeArguments (685 bytes)
Event: 21.162 Thread 0x00000000164e2800 4763       4       org.jetbrains.kotlin.descriptors.impl.FunctionDescriptorImpl::getVisibility (14 bytes)
Event: 21.163 Thread 0x00000000164e2800 nmethod 4763 0x0000000003a8b790 code [0x0000000003a8b8c0, 0x0000000003a8b938]
Event: 21.167 Thread 0x00000000164e9800 nmethod 4762 0x0000000003a9add0 code [0x0000000003a9b540, 0x0000000003aa00f8]
Event: 21.167 Thread 0x00000000164e9800 4760       3       org.jetbrains.kotlin.types.KotlinTypeFactory::flexibleType (40 bytes)
Event: 21.167 Thread 0x00000000164e6800 4764       4       org.jetbrains.kotlin.serialization.deserialization.descriptors.DeserializedPackageMemberScope::getContributedClassifier (25 bytes)
Event: 21.168 Thread 0x00000000164e9800 nmethod 4760 0x0000000003a99910 code [0x0000000003a99b60, 0x0000000003a9a6e8]
Event: 21.168 Thread 0x00000000164e9800 4761       3       org.jetbrains.kotlin.load.java.lazy.types.JavaTypeResolver::transformJavaClassifierType (173 bytes)
Event: 21.170 Thread 0x00000000164e9800 nmethod 4761 0x0000000003a98150 code [0x0000000003a983c0, 0x0000000003a99288]
Event: 21.182 Thread 0x00000000164e2800 4765       4       org.jetbrains.kotlin.serialization.deserialization.descriptors.DeserializedMemberScope::getContributedClassifier (65 bytes)

GC Heap History (10 events):
Event: 9.938 GC heap before
{Heap before GC invocations=7 (full 1):
 PSYoungGen      total 28672K, used 28661K [0x00000000e0780000, 0x00000000e3e80000, 0x0000000100000000)
  eden space 24576K, 100% used [0x00000000e0780000,0x00000000e1f80000,0x00000000e1f80000)
  from space 4096K, 99% used [0x00000000e1f80000,0x00000000e237d418,0x00000000e2380000)
  to   space 10240K, 0% used [0x00000000e3480000,0x00000000e3480000,0x00000000e3e80000)
 ParOldGen       total 54272K, used 11890K [0x00000000a1600000, 0x00000000a4b00000, 0x00000000e0780000)
  object space 54272K, 21% used [0x00000000a1600000,0x00000000a219c9c8,0x00000000a4b00000)
 Metaspace       used 26808K, capacity 27267K, committed 27440K, reserved 1073152K
  class space    used 3180K, capacity 3349K, committed 3376K, reserved 1048576K
Event: 9.970 GC heap after
Heap after GC invocations=7 (full 1):
 PSYoungGen      total 44544K, used 10228K [0x00000000e0780000, 0x00000000e4280000, 0x0000000100000000)
  eden space 34304K, 0% used [0x00000000e0780000,0x00000000e0780000,0x00000000e2900000)
  from space 10240K, 99% used [0x00000000e3480000,0x00000000e3e7d370,0x00000000e3e80000)
  to   space 11776K, 0% used [0x00000000e2900000,0x00000000e2900000,0x00000000e3480000)
 ParOldGen       total 54272K, used 12146K [0x00000000a1600000, 0x00000000a4b00000, 0x00000000e0780000)
  object space 54272K, 22% used [0x00000000a1600000,0x00000000a21dca90,0x00000000a4b00000)
 Metaspace       used 26808K, capacity 27267K, committed 27440K, reserved 1073152K
  class space    used 3180K, capacity 3349K, committed 3376K, reserved 1048576K
}
Event: 12.188 GC heap before
{Heap before GC invocations=8 (full 1):
 PSYoungGen      total 44544K, used 44532K [0x00000000e0780000, 0x00000000e4280000, 0x0000000100000000)
  eden space 34304K, 100% used [0x00000000e0780000,0x00000000e2900000,0x00000000e2900000)
  from space 10240K, 99% used [0x00000000e3480000,0x00000000e3e7d370,0x00000000e3e80000)
  to   space 11776K, 0% used [0x00000000e2900000,0x00000000e2900000,0x00000000e3480000)
 ParOldGen       total 54272K, used 12146K [0x00000000a1600000, 0x00000000a4b00000, 0x00000000e0780000)
  object space 54272K, 22% used [0x00000000a1600000,0x00000000a21dca90,0x00000000a4b00000)
 Metaspace       used 33153K, capacity 33664K, committed 34096K, reserved 1079296K
  class space    used 4206K, capacity 4347K, committed 4400K, reserved 1048576K
Event: 12.219 GC heap after
Heap after GC invocations=8 (full 1):
 PSYoungGen      total 46080K, used 11769K [0x00000000e0780000, 0x00000000e5780000, 0x0000000100000000)
  eden space 34304K, 0% used [0x00000000e0780000,0x00000000e0780000,0x00000000e2900000)
  from space 11776K, 99% used [0x00000000e2900000,0x00000000e347e740,0x00000000e3480000)
  to   space 15360K, 0% used [0x00000000e4880000,0x00000000e4880000,0x00000000e5780000)
 ParOldGen       total 54272K, used 15723K [0x00000000a1600000, 0x00000000a4b00000, 0x00000000e0780000)
  object space 54272K, 28% used [0x00000000a1600000,0x00000000a255ada0,0x00000000a4b00000)
 Metaspace       used 33153K, capacity 33664K, committed 34096K, reserved 1079296K
  class space    used 4206K, capacity 4347K, committed 4400K, reserved 1048576K
}
Event: 13.097 GC heap before
{Heap before GC invocations=9 (full 1):
 PSYoungGen      total 46080K, used 18361K [0x00000000e0780000, 0x00000000e5780000, 0x0000000100000000)
  eden space 34304K, 19% used [0x00000000e0780000,0x00000000e0defcd0,0x00000000e2900000)
  from space 11776K, 99% used [0x00000000e2900000,0x00000000e347e740,0x00000000e3480000)
  to   space 15360K, 0% used [0x00000000e4880000,0x00000000e4880000,0x00000000e5780000)
 ParOldGen       total 54272K, used 15723K [0x00000000a1600000, 0x00000000a4b00000, 0x00000000e0780000)
  object space 54272K, 28% used [0x00000000a1600000,0x00000000a255ada0,0x00000000a4b00000)
 Metaspace       used 34746K, capacity 35226K, committed 35496K, reserved 1081344K
  class space    used 4394K, capacity 4518K, committed 4528K, reserved 1048576K
Event: 13.148 GC heap after
Heap after GC invocations=9 (full 1):
 PSYoungGen      total 66560K, used 10501K [0x00000000e0780000, 0x00000000e5c00000, 0x0000000100000000)
  eden space 51200K, 0% used [0x00000000e0780000,0x00000000e0780000,0x00000000e3980000)
  from space 15360K, 68% used [0x00000000e4880000,0x00000000e52c1718,0x00000000e5780000)
  to   space 15360K, 0% used [0x00000000e3980000,0x00000000e3980000,0x00000000e4880000)
 ParOldGen       total 54272K, used 15784K [0x00000000a1600000, 0x00000000a4b00000, 0x00000000e0780000)
  object space 54272K, 29% used [0x00000000a1600000,0x00000000a256a200,0x00000000a4b00000)
 Metaspace       used 34746K, capacity 35226K, committed 35496K, reserved 1081344K
  class space    used 4394K, capacity 4518K, committed 4528K, reserved 1048576K
}
Event: 13.148 GC heap before
{Heap before GC invocations=10 (full 2):
 PSYoungGen      total 66560K, used 10501K [0x00000000e0780000, 0x00000000e5c00000, 0x0000000100000000)
  eden space 51200K, 0% used [0x00000000e0780000,0x00000000e0780000,0x00000000e3980000)
  from space 15360K, 68% used [0x00000000e4880000,0x00000000e52c1718,0x00000000e5780000)
  to   space 15360K, 0% used [0x00000000e3980000,0x00000000e3980000,0x00000000e4880000)
 ParOldGen       total 54272K, used 15784K [0x00000000a1600000, 0x00000000a4b00000, 0x00000000e0780000)
  object space 54272K, 29% used [0x00000000a1600000,0x00000000a256a200,0x00000000a4b00000)
 Metaspace       used 34746K, capacity 35226K, committed 35496K, reserved 1081344K
  class space    used 4394K, capacity 4518K, committed 4528K, reserved 1048576K
Event: 13.534 GC heap after
Heap after GC invocations=10 (full 2):
 PSYoungGen      total 66560K, used 0K [0x00000000e0780000, 0x00000000e5c00000, 0x0000000100000000)
  eden space 51200K, 0% used [0x00000000e0780000,0x00000000e0780000,0x00000000e3980000)
  from space 15360K, 0% used [0x00000000e4880000,0x00000000e4880000,0x00000000e5780000)
  to   space 15360K, 0% used [0x00000000e3980000,0x00000000e3980000,0x00000000e4880000)
 ParOldGen       total 81920K, used 16137K [0x00000000a1600000, 0x00000000a6600000, 0x00000000e0780000)
  object space 81920K, 19% used [0x00000000a1600000,0x00000000a25c27a8,0x00000000a6600000)
 Metaspace       used 34746K, capacity 35226K, committed 35496K, reserved 1081344K
  class space    used 4394K, capacity 4518K, committed 4528K, reserved 1048576K
}
Event: 16.601 GC heap before
{Heap before GC invocations=11 (full 2):
 PSYoungGen      total 66560K, used 51200K [0x00000000e0780000, 0x00000000e5c00000, 0x0000000100000000)
  eden space 51200K, 100% used [0x00000000e0780000,0x00000000e3980000,0x00000000e3980000)
  from space 15360K, 0% used [0x00000000e4880000,0x00000000e4880000,0x00000000e5780000)
  to   space 15360K, 0% used [0x00000000e3980000,0x00000000e3980000,0x00000000e4880000)
 ParOldGen       total 81920K, used 16137K [0x00000000a1600000, 0x00000000a6600000, 0x00000000e0780000)
  object space 81920K, 19% used [0x00000000a1600000,0x00000000a25c27a8,0x00000000a6600000)
 Metaspace       used 38660K, capacity 39244K, committed 39592K, reserved 1083392K
  class space    used 4864K, capacity 5003K, committed 5040K, reserved 1048576K
Event: 16.624 GC heap after
Heap after GC invocations=11 (full 2):
 PSYoungGen      total 66560K, used 8603K [0x00000000e0780000, 0x00000000e6200000, 0x0000000100000000)
  eden space 51200K, 0% used [0x00000000e0780000,0x00000000e0780000,0x00000000e3980000)
  from space 15360K, 56% used [0x00000000e3980000,0x00000000e41e6c50,0x00000000e4880000)
  to   space 14848K, 0% used [0x00000000e5380000,0x00000000e5380000,0x00000000e6200000)
 ParOldGen       total 81920K, used 16145K [0x00000000a1600000, 0x00000000a6600000, 0x00000000e0780000)
  object space 81920K, 19% used [0x00000000a1600000,0x00000000a25c47a8,0x00000000a6600000)
 Metaspace       used 38660K, capacity 39244K, committed 39592K, reserved 1083392K
  class space    used 4864K, capacity 5003K, committed 5040K, reserved 1048576K
}

Deoptimization events (10 events):
Event: 18.108 Thread 0x0000000002b29000 Uncommon trap: reason=unstable_if action=reinterpret pc=0x00000000036f3608 method=gnu.trove.THash.postInsertHook(Z)V @ 49
Event: 18.384 Thread 0x0000000002b29000 Uncommon trap: reason=unstable_if action=reinterpret pc=0x000000000375cf6c method=org.jetbrains.org.objectweb.asm.ClassReader.readMethod(Lorg/jetbrains/org/objectweb/asm/ClassVisitor;Lorg/jetbrains/org/objectweb/asm/Context;I)I @ 316
Event: 18.543 Thread 0x0000000002b29000 Uncommon trap: reason=unstable_if action=reinterpret pc=0x00000000035be770 method=org.jetbrains.kotlin.name.Name.hashCode()I @ 16
Event: 18.628 Thread 0x0000000002b29000 Uncommon trap: reason=class_check action=maybe_recompile pc=0x00000000034cd534 method=org.jetbrains.kotlin.com.intellij.psi.impl.source.tree.SharedImplUtil.findFileElement(Lorg/jetbrains/kotlin/com/intellij/lang/ASTNode;)Lorg/jetbrains/kotlin/com/intellij
Event: 18.628 Thread 0x0000000002b29000 Uncommon trap: reason=class_check action=maybe_recompile pc=0x00000000034cd534 method=org.jetbrains.kotlin.com.intellij.psi.impl.source.tree.SharedImplUtil.findFileElement(Lorg/jetbrains/kotlin/com/intellij/lang/ASTNode;)Lorg/jetbrains/kotlin/com/intellij
Event: 18.628 Thread 0x0000000002b29000 Uncommon trap: reason=class_check action=maybe_recompile pc=0x00000000034cd534 method=org.jetbrains.kotlin.com.intellij.psi.impl.source.tree.SharedImplUtil.findFileElement(Lorg/jetbrains/kotlin/com/intellij/lang/ASTNode;)Lorg/jetbrains/kotlin/com/intellij
Event: 18.628 Thread 0x0000000002b29000 Uncommon trap: reason=class_check action=maybe_recompile pc=0x00000000034cd534 method=org.jetbrains.kotlin.com.intellij.psi.impl.source.tree.SharedImplUtil.findFileElement(Lorg/jetbrains/kotlin/com/intellij/lang/ASTNode;)Lorg/jetbrains/kotlin/com/intellij
Event: 18.641 Thread 0x0000000002b29000 Uncommon trap: reason=predicate action=maybe_recompile pc=0x0000000002d3b49c method=org.jetbrains.kotlin.com.intellij.util.text.CharArrayUtil.getChars(Ljava/lang/CharSequence;[CIII)V @ 210
Event: 19.786 Thread 0x0000000002b29000 Uncommon trap: reason=unstable_if action=reinterpret pc=0x0000000003786f40 method=kotlin.internal.ProgressionUtilKt.getProgressionLastElement(III)I @ 7
Event: 21.039 Thread 0x0000000002b29000 Uncommon trap: reason=unstable_if action=reinterpret pc=0x000000000388ffa4 method=org.jetbrains.org.objectweb.asm.Type.getDescriptor()Ljava/lang/String; @ 35

Classes redefined (0 events):
No events

Internal exceptions (10 events):
Event: 4.997 Thread 0x0000000002b29000 Exception <a 'java/lang/NoSuchMethodError': java.lang.Object.lambda$static$0()J> (0x00000000e1b1a2a0) thrown at [C:\src\AOSP-openjdk-git\hotspot\src\share\vm\interpreter\linkResolver.cpp, line 620]
Event: 5.481 Thread 0x0000000002b29000 Exception <a 'java/lang/NoSuchMethodError': java.lang.Object.lambda$static$0(I)[Lorg/jetbrains/kotlin/com/intellij/openapi/editor/event/DocumentListener;> (0x00000000e0a87590) thrown at [C:\src\AOSP-openjdk-git\hotspot\src\share\vm\interpreter\linkResolve
Event: 5.575 Thread 0x0000000002b29000 Exception <a 'java/lang/NoSuchMethodError': java.lang.Object.lambda$static$0(I)[Lorg/jetbrains/kotlin/com/intellij/psi/PsiAnnotation;> (0x00000000e0ca4b60) thrown at [C:\src\AOSP-openjdk-git\hotspot\src\share\vm\interpreter\linkResolver.cpp, line 620]
Event: 5.859 Thread 0x0000000002b29000 Exception <a 'java/lang/NoSuchMethodError': java.lang.Object.lambda$static$0(I)[Lorg/jetbrains/kotlin/com/intellij/psi/PsiElement;> (0x00000000e11edc10) thrown at [C:\src\AOSP-openjdk-git\hotspot\src\share\vm\interpreter\linkResolver.cpp, line 620]
Event: 9.900 Thread 0x0000000002b29000 Exception <a 'java/lang/ArrayIndexOutOfBoundsException': 126> (0x00000000e1e38f40) thrown at [C:\src\AOSP-openjdk-git\hotspot\src\share\vm\interpreter\interpreterRuntime.cpp, line 368]
Event: 9.902 Thread 0x0000000002b29000 Exception <a 'java/lang/ArrayIndexOutOfBoundsException': 86> (0x00000000e1e3a3c8) thrown at [C:\src\AOSP-openjdk-git\hotspot\src\share\vm\interpreter\interpreterRuntime.cpp, line 368]
Event: 12.510 Thread 0x0000000002b29000 Exception <a 'java/lang/NoSuchMethodError': java.lang.Object.lambda$static$0(I)[Lorg/jetbrains/kotlin/psi/KtExpression;> (0x00000000e0a7c8d8) thrown at [C:\src\AOSP-openjdk-git\hotspot\src\share\vm\interpreter\linkResolver.cpp, line 620]
Event: 13.718 Thread 0x0000000002b29000 Exception <a 'java/lang/NoSuchMethodError': java.lang.Object.lambda$static$0(I)[Lorg/jetbrains/kotlin/psi/KtDeclaration;> (0x00000000e08ed730) thrown at [C:\src\AOSP-openjdk-git\hotspot\src\share\vm\interpreter\linkResolver.cpp, line 620]
Event: 14.185 Thread 0x0000000002b29000 Exception <a 'java/lang/NoSuchMethodError': java.lang.Object.lambda$static$0(I)[Lorg/jetbrains/kotlin/psi/KtTypeElement;> (0x00000000e110fdd0) thrown at [C:\src\AOSP-openjdk-git\hotspot\src\share\vm\interpreter\linkResolver.cpp, line 620]
Event: 14.673 Thread 0x0000000002b29000 Exception <a 'java/lang/NoSuchMethodError': java.lang.Object.lambda$static$0(I)[Lorg/jetbrains/kotlin/com/intellij/psi/PsiClass;> (0x00000000e1913080) thrown at [C:\src\AOSP-openjdk-git\hotspot\src\share\vm\interpreter\linkResolver.cpp, line 620]

Events (10 events):
Event: 21.077 loading class org/jetbrains/kotlin/descriptors/TypeParameterUtilsKt$computeConstructorTypeParameters$parametersFromContainingFunctions$2
Event: 21.077 loading class org/jetbrains/kotlin/descriptors/TypeParameterUtilsKt$computeConstructorTypeParameters$parametersFromContainingFunctions$2 done
Event: 21.078 loading class org/jetbrains/kotlin/descriptors/TypeParameterUtilsKt$computeConstructorTypeParameters$parametersFromContainingFunctions$3
Event: 21.078 loading class org/jetbrains/kotlin/descriptors/TypeParameterUtilsKt$computeConstructorTypeParameters$parametersFromContainingFunctions$3 done
Event: 21.080 loading class kotlin/sequences/TakeWhileSequence$iterator$1
Event: 21.080 loading class kotlin/sequences/TakeWhileSequence$iterator$1 done
Event: 21.081 loading class kotlin/sequences/DropSequence$iterator$1
Event: 21.081 loading class kotlin/sequences/DropSequence$iterator$1 done
Event: 21.113 Thread 0x0000000002b29000 DEOPT PACKING pc=0x000000000332072a sp=0x0000000002a8c150
Event: 21.113 Thread 0x0000000002b29000 DEOPT UNPACKING pc=0x0000000002c675d0 sp=0x0000000002a8bed8 mode 0


Dynamic libraries:
0x00007ff7cf740000 - 0x00007ff7cf771000 	C:\Program Files\Android\Android Studio\jre\jre\bin\java.exe
0x00007ff87b2c0000 - 0x00007ff87b4b0000 	C:\WINDOWS\SYSTEM32\ntdll.dll
0x00007ff87a510000 - 0x00007ff87a5c2000 	C:\WINDOWS\System32\KERNEL32.DLL
0x00007ff878f40000 - 0x00007ff8791e4000 	C:\WINDOWS\System32\KERNELBASE.dll
0x00007ff87a990000 - 0x00007ff87aa33000 	C:\WINDOWS\System32\ADVAPI32.dll
0x00007ff87a710000 - 0x00007ff87a7ae000 	C:\WINDOWS\System32\msvcrt.dll
0x00007ff879a20000 - 0x00007ff879ab7000 	C:\WINDOWS\System32\sechost.dll
0x00007ff879de0000 - 0x00007ff879f00000 	C:\WINDOWS\System32\RPCRT4.dll
0x00007ff879f00000 - 0x00007ff87a094000 	C:\WINDOWS\System32\USER32.dll
0x00007ff8783f0000 - 0x00007ff878411000 	C:\WINDOWS\System32\win32u.dll
0x00007ff879ac0000 - 0x00007ff879ae6000 	C:\WINDOWS\System32\GDI32.dll
0x00007ff878d50000 - 0x00007ff878ee5000 	C:\WINDOWS\System32\gdi32full.dll
0x00007ff878250000 - 0x00007ff8782ee000 	C:\WINDOWS\System32\msvcp_win.dll
0x00007ff8782f0000 - 0x00007ff8783ea000 	C:\WINDOWS\System32\ucrtbase.dll
0x00007ff86ada0000 - 0x00007ff86b024000 	C:\WINDOWS\WinSxS\amd64_microsoft.windows.common-controls_6595b64144ccf1df_6.0.18362.900_none_e6beb9d913147d17\COMCTL32.dll
0x00007ff879370000 - 0x00007ff8796a5000 	C:\WINDOWS\System32\combase.dll
0x00007ff8792f0000 - 0x00007ff879370000 	C:\WINDOWS\System32\bcryptPrimitives.dll
0x00007ff879850000 - 0x00007ff87987e000 	C:\WINDOWS\System32\IMM32.DLL
0x000000005ed30000 - 0x000000005ee02000 	C:\Program Files\Android\Android Studio\jre\jre\bin\msvcr100.dll
0x000000005f880000 - 0x00000000600cb000 	C:\Program Files\Android\Android Studio\jre\jre\bin\server\jvm.dll
0x00007ff87b270000 - 0x00007ff87b278000 	C:\WINDOWS\System32\PSAPI.DLL
0x00007ff874b00000 - 0x00007ff874b09000 	C:\WINDOWS\SYSTEM32\WSOCK32.dll
0x00007ff86e520000 - 0x00007ff86e52a000 	C:\WINDOWS\SYSTEM32\VERSION.dll
0x00007ff875c90000 - 0x00007ff875cb4000 	C:\WINDOWS\SYSTEM32\WINMM.dll
0x00007ff87aa60000 - 0x00007ff87aacf000 	C:\WINDOWS\System32\WS2_32.dll
0x00007ff875c60000 - 0x00007ff875c8d000 	C:\WINDOWS\SYSTEM32\WINMMBASE.dll
0x00007ff878ef0000 - 0x00007ff878f3a000 	C:\WINDOWS\System32\cfgmgr32.dll
0x00007ff8619b0000 - 0x00007ff8619bf000 	C:\Program Files\Android\Android Studio\jre\jre\bin\verify.dll
0x00007ff861900000 - 0x00007ff861929000 	C:\Program Files\Android\Android Studio\jre\jre\bin\java.dll
0x00007ff85a2c0000 - 0x00007ff85a2d6000 	C:\Program Files\Android\Android Studio\jre\jre\bin\zip.dll
0x00007ff87aad0000 - 0x00007ff87b1b6000 	C:\WINDOWS\System32\SHELL32.dll
0x00007ff879d20000 - 0x00007ff879dc9000 	C:\WINDOWS\System32\shcore.dll
0x00007ff878420000 - 0x00007ff878ba0000 	C:\WINDOWS\System32\windows.storage.dll
0x00007ff878220000 - 0x00007ff878243000 	C:\WINDOWS\System32\profapi.dll
0x00007ff878190000 - 0x00007ff8781da000 	C:\WINDOWS\System32\powrprof.dll
0x00007ff878180000 - 0x00007ff878190000 	C:\WINDOWS\System32\UMPDC.dll
0x00007ff879880000 - 0x00007ff8798d2000 	C:\WINDOWS\System32\shlwapi.dll
0x00007ff8781e0000 - 0x00007ff8781f1000 	C:\WINDOWS\System32\kernel.appcore.dll
0x00007ff8791f0000 - 0x00007ff879207000 	C:\WINDOWS\System32\cryptsp.dll
0x00007ff8597b0000 - 0x00007ff8597ca000 	C:\Program Files\Android\Android Studio\jre\jre\bin\net.dll
0x00007ff877990000 - 0x00007ff8779f7000 	C:\WINDOWS\system32\mswsock.dll
0x00007ff859790000 - 0x00007ff8597a3000 	C:\Program Files\Android\Android Studio\jre\jre\bin\nio.dll

VM Arguments:
java_command: org.jetbrains.kotlin.cli.jvm.K2JVMCompiler -Xallow-no-source-files -classpath C:\Users\beetsool\AndroidStudioProjects\Gnomon\app\build\intermediates\compile_and_runtime_not_namespaced_r_class_jar\debug\R.jar;C:\Users\beetsool\.gradle\caches\transforms-2\files-2.1\d8ecf77db437180f5945578a4d2539b5\jetified-kotlin-android-extensions-runtime-1.3.72.jar;C:\Users\beetsool\.gradle\caches\transforms-2\files-2.1\923553972a14c52d1ef3212ce9726f4c\navigation-fragment-ktx-2.2.2-api.jar;C:\Users\beetsool\.gradle\caches\transforms-2\files-2.1\b1fa561711c9419d5e8bf6edffb64186\jetified-fragment-ktx-1.2.4-api.jar;C:\Users\beetsool\.gradle\caches\transforms-2\files-2.1\b047955bf36cb37698bdb71b125c9166\navigation-ui-ktx-2.2.2-api.jar;C:\Users\beetsool\.gradle\caches\transforms-2\files-2.1\51c8371b46c827b501cb6c84ef8446ef\navigation-runtime-ktx-2.2.2-api.jar;C:\Users\beetsool\.gradle\caches\transforms-2\files-2.1\109a87c65cc24e853e332d49ebefa7e5\jetified-activity-ktx-1.1.0-api.jar;C:\Users\beetsool\.gradle\caches\transforms-2\files-2.1\58717fd35b9f8892fe9be42af9e828a2\jetified-core-ktx-1.3.0-api.jar;C:\Users\beetsool\.gradle\caches\transforms-2\files-2.1\62dc72d3e8bf499c38e2b159cdf363e1\jetified-lifecycle-viewmodel-ktx-2.2.0-api.jar;C:\Users\beetsool\.gradle\caches\transforms-2\files-2.1\f9a42fa863d0bdeb324b4797fda8e7ee\jetified-lifecycle-runtime-ktx-2.2.0-api.jar;C:\Users\beetsool\.gradle\caches\transforms-2\files-2.1\8d978d80cab9c78f1937b1b165923420\jetified-kotlinx-coroutines-android-1.3.0.jar;C:\Users\beetsool\.gradle\caches\transforms-2\files-2.1\26666efd8167c5b817bbbb267b8ecf77\navigation-common-ktx-2.2.2-api.jar;C:\Users\beetsool\.gradle\caches\transforms-2\files-2.1\bac8feaad6a0971c6fb254b073f1745a\jetified-collection-ktx-1.1.0.jar;C:\Users\beetsool\.gradle\caches\transforms-2\files-2.1\051184b2c2dbfdaade8d15c898bf0734\jetified-lifecycle-livedata-core-ktx-2.2.0-api.jar;C:\Users\beetsool\.gradle\caches\transforms-2\files-2.1\1d3cb612b2f322c77036ab6f8132553e\jetifi
java_class_path (initial): C:\Users\beetsool\.gradle\caches\modules-2\files-2.1\org.jetbrains.kotlin\kotlin-compiler-embeddable\1.3.72\fb72232c8fa977d5e07d33c43381ddbdc5edab6\kotlin-compiler-embeddable-1.3.72.jar;C:\Users\beetsool\.gradle\caches\modules-2\files-2.1\org.jetbrains.kotlin\kotlin-reflect\1.3.72\86613e1a669a701b0c660bfd2af4f82a7ae11fca\kotlin-reflect-1.3.72.jar;C:\Users\beetsool\.gradle\caches\modules-2\files-2.1\org.jetbrains.kotlin\kotlin-stdlib\1.3.72\8032138f12c0180bc4e51fe139d4c52b46db6109\kotlin-stdlib-1.3.72.jar;C:\Users\beetsool\.gradle\caches\modules-2\files-2.1\org.jetbrains.kotlin\kotlin-script-runtime\1.3.72\657d8d34d91e1964b4439378c09933e840bfe8d5\kotlin-script-runtime-1.3.72.jar;C:\Users\beetsool\.gradle\caches\modules-2\files-2.1\org.jetbrains.kotlin\kotlin-daemon-embeddable\1.3.72\53bbaa2816dbf6bdb85f629451b1fcc88f2164d2\kotlin-daemon-embeddable-1.3.72.jar;C:\Users\beetsool\.gradle\caches\modules-2\files-2.1\org.jetbrains.intellij.deps\trove4j\1.0.20181211\216c2e14b070f334479d800987affe4054cd563f\trove4j-1.0.20181211.jar;C:\Users\beetsool\.gradle\caches\modules-2\files-2.1\org.jetbrains.kotlin\kotlin-stdlib-common\1.3.72\6ca8bee3d88957eaaaef077c41c908c9940492d8\kotlin-stdlib-common-1.3.72.jar;C:\Users\beetsool\.gradle\caches\modules-2\files-2.1\org.jetbrains\annotations\13.0\919f0dfe192fb4e063e7dacadee7f8bb9a2672a9\annotations-13.0.jar;C:\Program Files\Android\Android Studio\jre\lib\tools.jar
Launcher Type: SUN_STANDARD

Environment Variables:
PATH=C:\Program Files (x86)\Common Files\Oracle\Java\javapath;C:\WINDOWS\system32;C:\WINDOWS;C:\WINDOWS\System32\Wbem;C:\WINDOWS\System32\WindowsPowerShell\v1.0\;C:\WINDOWS\System32\OpenSSH\;C:\Program Files\dotnet\;C:\Program Files\Microsoft SQL Server\130\Tools\Binn\;C:\Program Files\Microsoft SQL Server\Client SDK\ODBC\170\Tools\Binn\;C:\Program Files (x86)\Microsoft SQL Server\150\DTS\Binn\;C:\Program Files\Git\cmd;C:\Users\beetsool\AppData\Local\Microsoft\WindowsApps
USERNAME=beetsool
OS=Windows_NT
PROCESSOR_IDENTIFIER=Intel64 Family 6 Model 61 Stepping 4, GenuineIntel



---------------  S Y S T E M  ---------------

OS: Windows 10.0 , 64 bit Build 18362 (10.0.18362.900)

CPU:total 4 (initial active 4) (2 cores per cpu, 2 threads per core) family 6 model 61 stepping 4, cmov, cx8, fxsr, mmx, sse, sse2, sse3, ssse3, sse4.1, sse4.2, popcnt, avx, avx2, aes, clmul, erms, 3dnowpref, lzcnt, ht, tsc, tscinvbit, bmi1, bmi2, adx

Memory: 4k page, physical 6199288k(103424k free), swap 25073656k(4348k free)

vm_info: OpenJDK 64-Bit Server VM (25.242-b01) for windows-amd64 JRE (1.8.0_242-release-1644-b01), built by "builder" with MS VC++ 10.0 (VS2010)

time: Thu Jun 18 17:45:04 2020
timezone: Central Daylight Time (Mexico)
elapsed time: 21 seconds (0d 0h 0m 21s)

